#
# A fatal error has been detected by the Java Runtime Environment:
#
#  EXCEPTION_ACCESS_VIOLATION (0xc0000005) at pc=0x000000006ae3bc72, pid=14340, tid=0x0000000000003c84
#
# JRE version: Java(TM) SE Runtime Environment (8.0_111-b14) (build 1.8.0_111-b14)
# Java VM: Java HotSpot(TM) 64-Bit Server VM (25.111-b14 mixed mode windows-amd64 compressed oops)
# Problematic frame:
# V  [jvm.dll+0x50bc72]
#
# Failed to write core dump. Minidumps are not enabled by default on client versions of Windows
#
# If you would like to submit a bug report, please visit:
#   http://bugreport.java.com/bugreport/crash.jsp
#

---------------  T H R E A D  ---------------

Current thread (0x00000000549e9000):  JavaThread "C2 CompilerThread0" daemon [_thread_in_native, id=15492, stack(0x0000000055300000,0x0000000055400000)]

siginfo: ExceptionCode=0xc0000005, reading address 0x0000100000000028

Registers:
RAX=0x0000100000000000, RBX=0x000000005daf5250, RCX=0x0000000000000003, RDX=0x0000000000000008
RSP=0x00000000553fe018, RBP=0x00000000553fe200, RSI=0x00000000553fe0a0, RDI=0x00000000553fec98
R8 =0x00000000000000ec, R9 =0x00000000000184f8, R10=0x000000005d2f2e90, R11=0x0000000000004f61
R12=0x00000000553fe070, R13=0x000000005d683660, R14=0x000000005d685038, R15=0x0000000000000000
RIP=0x000000006ae3bc72, EFLAGS=0x0000000000010202

Top of Stack: (sp=0x00000000553fe018)
0x00000000553fe018:   000000006ae3c529 00000000553fe200
0x00000000553fe028:   000000005497c6c0 00000000553fe310
0x00000000553fe038:   000000005497c6c0 000000000011fe38
0x00000000553fe048:   000000006ada2e46 00000000553fed70
0x00000000553fe058:   0000000000000001 000000005d67d050
0x00000000553fe068:   000000005497c6c0 0000000000000002
0x00000000553fe078:   00000000553fed70 000000005497c6c0
0x00000000553fe088:   0000000000004000 000000005d50d6f0
0x00000000553fe098:   00000000000019aa 000000006afa5e88
0x00000000553fe0a8:   000000005497c6c0 0000000000000200
0x00000000553fe0b8:   000000005d0ff170 0000000000000000
0x00000000553fe0c8:   0000000000000001 00000000553fed70
0x00000000553fe0d8:   00000000553ff920 00000000553fe310
0x00000000553fe0e8:   000000005d014010 0000000000000000
0x00000000553fe0f8:   00000000ffffffff 0000000000000000
0x00000000553fe108:   00000000553fed70 0000000000000001 

Instructions: (pc=0x000000006ae3bc72)
0x000000006ae3bc52:   c9 44 8b d8 66 66 0f 1f 84 00 00 00 00 00 4c 8b
0x000000006ae3bc62:   57 18 4b 8b 04 0a 48 85 c0 74 2f 48 3b c3 74 2a
0x000000006ae3bc72:   8b 48 28 8b c1 c1 e8 05 3b 46 10 73 19 44 8b c0
0x000000006ae3bc82:   48 8b 46 18 83 e1 1f 42 8b 04 80 ba 01 00 00 00 


Register to memory mapping:

RAX=0x0000100000000000 is an unknown value
RBX=0x000000005daf5250 is an unknown value
RCX=0x0000000000000003 is an unknown value
RDX=0x0000000000000008 is an unknown value
RSP=0x00000000553fe018 is pointing into the stack for thread: 0x00000000549e9000
RBP=0x00000000553fe200 is pointing into the stack for thread: 0x00000000549e9000
RSI=0x00000000553fe0a0 is pointing into the stack for thread: 0x00000000549e9000
RDI=0x00000000553fec98 is pointing into the stack for thread: 0x00000000549e9000
R8 =0x00000000000000ec is an unknown value
R9 =0x00000000000184f8 is an unknown value
R10=0x000000005d2f2e90 is an unknown value
R11=0x0000000000004f61 is an unknown value
R12=0x00000000553fe070 is pointing into the stack for thread: 0x00000000549e9000
R13=0x000000005d683660 is an unknown value
R14=0x000000005d685038 is an unknown value
R15=0x0000000000000000 is an unknown value


Stack: [0x0000000055300000,0x0000000055400000],  sp=0x00000000553fe018,  free space=1016k
Native frames: (J=compiled Java code, j=interpreted, Vv=VM code, C=native code)
V  [jvm.dll+0x50bc72]
V  [jvm.dll+0x50c529]
V  [jvm.dll+0x472e46]
V  [jvm.dll+0x475e84]
V  [jvm.dll+0x4589b2]
V  [jvm.dll+0xa5742]
V  [jvm.dll+0xa607f]
V  [jvm.dll+0x244b7f]
V  [jvm.dll+0x29c43a]
C  [msvcr100.dll+0x21d9f]
C  [msvcr100.dll+0x21e3b]
C  [kernel32.dll+0x159cd]
C  [ntdll.dll+0x2a561]


Current CompileTask:
C2:   8977 1605       4       com.bbg.client.GameScreen::receiveData (4424 bytes)


---------------  P R O C E S S  ---------------

Java Threads: ( => current thread )
  0x000000005d8ec800 JavaThread "LWJGL Timer" daemon [_thread_blocked, id=15112, stack(0x000000005f330000,0x000000005f430000)]
  0x000000005d0c8000 JavaThread "Thread-2" [_thread_in_native, id=16356, stack(0x000000005e930000,0x000000005ea30000)]
  0x000000005cf4b800 JavaThread "Thread-1" [_thread_in_native, id=16024, stack(0x000000005e830000,0x000000005e930000)]
  0x00000000021dd800 JavaThread "DestroyJavaVM" [_thread_blocked, id=5208, stack(0x00000000023d0000,0x00000000024d0000)]
  0x0000000056521800 JavaThread "LWJGL Application" [_thread_blocked, id=11032, stack(0x0000000057f30000,0x0000000058030000)]
  0x0000000054a4f800 JavaThread "Service Thread" daemon [_thread_blocked, id=14672, stack(0x0000000056290000,0x0000000056390000)]
  0x00000000549ff800 JavaThread "C1 CompilerThread1" daemon [_thread_blocked, id=8404, stack(0x0000000055bb0000,0x0000000055cb0000)]
=>0x00000000549e9000 JavaThread "C2 CompilerThread0" daemon [_thread_in_native, id=15492, stack(0x0000000055300000,0x0000000055400000)]
  0x00000000549e6000 JavaThread "Attach Listener" daemon [_thread_blocked, id=16184, stack(0x0000000055a00000,0x0000000055b00000)]
  0x00000000549e4000 JavaThread "Signal Dispatcher" daemon [_thread_blocked, id=4700, stack(0x00000000558d0000,0x00000000559d0000)]
  0x00000000549c8000 JavaThread "Finalizer" daemon [_thread_blocked, id=15868, stack(0x0000000055760000,0x0000000055860000)]
  0x0000000054987000 JavaThread "Reference Handler" daemon [_thread_blocked, id=14632, stack(0x00000000555c0000,0x00000000556c0000)]

Other Threads:
  0x000000005497d000 VMThread [stack: 0x0000000055480000,0x0000000055580000] [id=16256]
  0x0000000055cd9000 WatcherThread [stack: 0x0000000056190000,0x0000000056290000] [id=16192]

VM state:at safepoint (normal execution)

VM Mutex/Monitor currently owned by a thread:  ([mutex/lock_event])
[0x00000000021dbfa0] Threads_lock - owner thread: 0x000000005497d000
[0x00000000021dc4a0] Heap_lock - owner thread: 0x0000000056521800

Heap:
 PSYoungGen      total 61952K, used 1777K [0x00000000ec600000, 0x00000000f0380000, 0x0000000100000000)
  eden space 61440K, 2% used [0x00000000ec600000,0x00000000ec7bc4e0,0x00000000f0200000)
  from space 512K, 0% used [0x00000000f0300000,0x00000000f0300000,0x00000000f0380000)
  to   space 512K, 34% used [0x00000000f0280000,0x00000000f02ac090,0x00000000f0300000)
 ParOldGen       total 40960K, used 3546K [0x00000000c5200000, 0x00000000c7a00000, 0x00000000ec600000)
  object space 40960K, 8% used [0x00000000c5200000,0x00000000c55769f8,0x00000000c7a00000)
 Metaspace       used 13300K, capacity 13477K, committed 13824K, reserved 1060864K
  class space    used 1407K, capacity 1474K, committed 1536K, reserved 1048576K

Card table byte_map: [0x0000000011b60000,0x0000000011d40000] byte_map_base: 0x0000000011537000

Marking Bits: (ParMarkBitMap*) 0x000000006b14a6c0
 Begin Bits: [0x0000000012100000, 0x0000000012fb8000)
 End Bits:   [0x0000000012fb8000, 0x0000000013e70000)

Polling page: 0x0000000000320000

CodeCache: size=245760Kb used=5987Kb max_used=6134Kb free=239772Kb
 bounds [0x00000000027a0000, 0x0000000002db0000, 0x00000000117a0000]
 total_blobs=1993 nmethods=1450 adapters=456
 compilation: enabled

Compilation events (10 events):
Event: 8.883 Thread 0x00000000549ff800 1606 %     3       com.bbg.client.Scene::update @ 556 (849 bytes)
Event: 8.886 Thread 0x00000000549ff800 nmethod 1606% 0x0000000002a10650 code [0x0000000002a10a00, 0x0000000002a124a8]
Event: 8.886 Thread 0x00000000549ff800 1607       3       com.bbg.client.Scene::update (849 bytes)
Event: 8.889 Thread 0x00000000549ff800 nmethod 1607 0x0000000002bfef50 code [0x0000000002bff2e0, 0x0000000002c00c48]
Event: 8.938 Thread 0x00000000549ff800 1608       1       com.esotericsoftware.kryo.Kryo::isRegistrationRequired (5 bytes)
Event: 8.938 Thread 0x00000000549ff800 nmethod 1608 0x0000000002917bd0 code [0x0000000002917d20, 0x0000000002917e30]
Event: 8.939 Thread 0x00000000549ff800 1609       3       com.badlogic.gdx.utils.LongMap::resize (198 bytes)
Event: 8.940 Thread 0x00000000549ff800 nmethod 1609 0x0000000002bfded0 code [0x0000000002bfe100, 0x0000000002bfeaa8]
Event: 8.952 Thread 0x00000000549ff800 1610 %     3       com.bbg.client.Scene::update @ 486 (849 bytes)
Event: 8.955 Thread 0x00000000549ff800 nmethod 1610% 0x0000000002d80c50 code [0x0000000002d81000, 0x0000000002d82aa8]

GC Heap History (10 events):
Event: 8.812 GC heap before
{Heap before GC invocations=167 (full 81):
 PSYoungGen      total 61952K, used 208K [0x00000000ec600000, 0x00000000f0380000, 0x0000000100000000)
  eden space 61440K, 0% used [0x00000000ec600000,0x00000000ec600000,0x00000000f0200000)
  from space 512K, 40% used [0x00000000f0300000,0x00000000f0334090,0x00000000f0380000)
  to   space 512K, 0% used [0x00000000f0280000,0x00000000f0280000,0x00000000f0300000)
 ParOldGen       total 40960K, used 3554K [0x00000000c5200000, 0x00000000c7a00000, 0x00000000ec600000)
  object space 40960K, 8% used [0x00000000c5200000,0x00000000c5578990,0x00000000c7a00000)
 Metaspace       used 13286K, capacity 13477K, committed 13824K, reserved 1060864K
  class space    used 1407K, capacity 1474K, committed 1536K, reserved 1048576K
Event: 8.833 GC heap after
Heap after GC invocations=167 (full 81):
 PSYoungGen      total 61952K, used 0K [0x00000000ec600000, 0x00000000f0380000, 0x0000000100000000)
  eden space 61440K, 0% used [0x00000000ec600000,0x00000000ec600000,0x00000000f0200000)
  from space 512K, 0% used [0x00000000f0300000,0x00000000f0300000,0x00000000f0380000)
  to   space 512K, 0% used [0x00000000f0280000,0x00000000f0280000,0x00000000f0300000)
 ParOldGen       total 40960K, used 3546K [0x00000000c5200000, 0x00000000c7a00000, 0x00000000ec600000)
  object space 40960K, 8% used [0x00000000c5200000,0x00000000c55769f8,0x00000000c7a00000)
 Metaspace       used 13286K, capacity 13477K, committed 13824K, reserved 1060864K
  class space    used 1407K, capacity 1474K, committed 1536K, reserved 1048576K
}
Event: 8.859 GC heap before
{Heap before GC invocations=168 (full 81):
 PSYoungGen      total 61952K, used 1162K [0x00000000ec600000, 0x00000000f0380000, 0x0000000100000000)
  eden space 61440K, 1% used [0x00000000ec600000,0x00000000ec722b40,0x00000000f0200000)
  from space 512K, 0% used [0x00000000f0300000,0x00000000f0300000,0x00000000f0380000)
  to   space 512K, 0% used [0x00000000f0280000,0x00000000f0280000,0x00000000f0300000)
 ParOldGen       total 40960K, used 3546K [0x00000000c5200000, 0x00000000c7a00000, 0x00000000ec600000)
  object space 40960K, 8% used [0x00000000c5200000,0x00000000c55769f8,0x00000000c7a00000)
 Metaspace       used 13286K, capacity 13477K, committed 13824K, reserved 1060864K
  class space    used 1407K, capacity 1474K, committed 1536K, reserved 1048576K
Event: 8.860 GC heap after
Heap after GC invocations=168 (full 81):
 PSYoungGen      total 61952K, used 32K [0x00000000ec600000, 0x00000000f0380000, 0x0000000100000000)
  eden space 61440K, 0% used [0x00000000ec600000,0x00000000ec600000,0x00000000f0200000)
  from space 512K, 6% used [0x00000000f0280000,0x00000000f0288000,0x00000000f0300000)
  to   space 512K, 0% used [0x00000000f0300000,0x00000000f0300000,0x00000000f0380000)
 ParOldGen       total 40960K, used 3546K [0x00000000c5200000, 0x00000000c7a00000, 0x00000000ec600000)
  object space 40960K, 8% used [0x00000000c5200000,0x00000000c55769f8,0x00000000c7a00000)
 Metaspace       used 13286K, capacity 13477K, committed 13824K, reserved 1060864K
  class space    used 1407K, capacity 1474K, committed 1536K, reserved 1048576K
}
Event: 8.860 GC heap before
{Heap before GC invocations=169 (full 82):
 PSYoungGen      total 61952K, used 32K [0x00000000ec600000, 0x00000000f0380000, 0x0000000100000000)
  eden space 61440K, 0% used [0x00000000ec600000,0x00000000ec600000,0x00000000f0200000)
  from space 512K, 6% used [0x00000000f0280000,0x00000000f0288000,0x00000000f0300000)
  to   space 512K, 0% used [0x00000000f0300000,0x00000000f0300000,0x00000000f0380000)
 ParOldGen       total 40960K, used 3546K [0x00000000c5200000, 0x00000000c7a00000, 0x00000000ec600000)
  object space 40960K, 8% used [0x00000000c5200000,0x00000000c55769f8,0x00000000c7a00000)
 Metaspace       used 13286K, capacity 13477K, committed 13824K, reserved 1060864K
  class space    used 1407K, capacity 1474K, committed 1536K, reserved 1048576K
Event: 8.879 GC heap after
Heap after GC invocations=169 (full 82):
 PSYoungGen      total 61952K, used 0K [0x00000000ec600000, 0x00000000f0380000, 0x0000000100000000)
  eden space 61440K, 0% used [0x00000000ec600000,0x00000000ec600000,0x00000000f0200000)
  from space 512K, 0% used [0x00000000f0280000,0x00000000f0280000,0x00000000f0300000)
  to   space 512K, 0% used [0x00000000f0300000,0x00000000f0300000,0x00000000f0380000)
 ParOldGen       total 40960K, used 3546K [0x00000000c5200000, 0x00000000c7a00000, 0x00000000ec600000)
  object space 40960K, 8% used [0x00000000c5200000,0x00000000c55769f8,0x00000000c7a00000)
 Metaspace       used 13286K, capacity 13477K, committed 13824K, reserved 1060864K
  class space    used 1407K, capacity 1474K, committed 1536K, reserved 1048576K
}
Event: 8.898 GC heap before
{Heap before GC invocations=170 (full 82):
 PSYoungGen      total 61952K, used 1777K [0x00000000ec600000, 0x00000000f0380000, 0x0000000100000000)
  eden space 61440K, 2% used [0x00000000ec600000,0x00000000ec7bc4e0,0x00000000f0200000)
  from space 512K, 0% used [0x00000000f0280000,0x00000000f0280000,0x00000000f0300000)
  to   space 512K, 0% used [0x00000000f0300000,0x00000000f0300000,0x00000000f0380000)
 ParOldGen       total 40960K, used 3546K [0x00000000c5200000, 0x00000000c7a00000, 0x00000000ec600000)
  object space 40960K, 8% used [0x00000000c5200000,0x00000000c55769f8,0x00000000c7a00000)
 Metaspace       used 13300K, capacity 13477K, committed 13824K, reserved 1060864K
  class space    used 1407K, capacity 1474K, committed 1536K, reserved 1048576K
Event: 8.917 GC heap after
Heap after GC invocations=170 (full 82):
 PSYoungGen      total 61952K, used 32K [0x00000000ec600000, 0x00000000f0380000, 0x0000000100000000)
  eden space 61440K, 0% used [0x00000000ec600000,0x00000000ec600000,0x00000000f0200000)
  from space 512K, 6% used [0x00000000f0300000,0x00000000f0308000,0x00000000f0380000)
  to   space 512K, 0% used [0x00000000f0280000,0x00000000f0280000,0x00000000f0300000)
 ParOldGen       total 40960K, used 3546K [0x00000000c5200000, 0x00000000c7a00000, 0x00000000ec600000)
  object space 40960K, 8% used [0x00000000c5200000,0x00000000c55769f8,0x00000000c7a00000)
 Metaspace       used 13300K, capacity 13477K, committed 13824K, reserved 1060864K
  class space    used 1407K, capacity 1474K, committed 1536K, reserved 1048576K
}
Event: 8.917 GC heap before
{Heap before GC invocations=171 (full 83):
 PSYoungGen      total 61952K, used 32K [0x00000000ec600000, 0x00000000f0380000, 0x0000000100000000)
  eden space 61440K, 0% used [0x00000000ec600000,0x00000000ec600000,0x00000000f0200000)
  from space 512K, 6% used [0x00000000f0300000,0x00000000f0308000,0x00000000f0380000)
  to   space 512K, 0% used [0x00000000f0280000,0x00000000f0280000,0x00000000f0300000)
 ParOldGen       total 40960K, used 3546K [0x00000000c5200000, 0x00000000c7a00000, 0x00000000ec600000)
  object space 40960K, 8% used [0x00000000c5200000,0x00000000c55769f8,0x00000000c7a00000)
 Metaspace       used 13300K, capacity 13477K, committed 13824K, reserved 1060864K
  class space    used 1407K, capacity 1474K, committed 1536K, reserved 1048576K
Event: 8.937 GC heap after
Heap after GC invocations=171 (full 83):
 PSYoungGen      total 61952K, used 0K [0x00000000ec600000, 0x00000000f0380000, 0x0000000100000000)
  eden space 61440K, 0% used [0x00000000ec600000,0x00000000ec600000,0x00000000f0200000)
  from space 512K, 0% used [0x00000000f0300000,0x00000000f0300000,0x00000000f0380000)
  to   space 512K, 0% used [0x00000000f0280000,0x00000000f0280000,0x00000000f0300000)
 ParOldGen       total 40960K, used 3546K [0x00000000c5200000, 0x00000000c7a00000, 0x00000000ec600000)
  object space 40960K, 8% used [0x00000000c5200000,0x00000000c55769f8,0x00000000c7a00000)
 Metaspace       used 13300K, capacity 13477K, committed 13824K, reserved 1060864K
  class space    used 1407K, capacity 1474K, committed 1536K, reserved 1048576K
}

Deoptimization events (10 events):
Event: 6.370 Thread 0x000000005cf4b800 Uncommon trap: reason=unloaded action=reinterpret pc=0x0000000002d3c29c method=com.bbg.client.GameScreen.receiveData(Ljava/lang/Object;)V @ 442
Event: 6.398 Thread 0x0000000056521800 Uncommon trap: reason=unstable_if action=reinterpret pc=0x00000000028abbac method=com.bbg.client.GameScreen.drawRegion(Lcom/badlogic/gdx/graphics/g2d/TextureRegion;FFZFF)V @ 28
Event: 6.404 Thread 0x0000000056521800 Uncommon trap: reason=unstable_if action=reinterpret pc=0x0000000002d2658c method=com.badlogic.gdx.graphics.g2d.SpriteBatch.draw(Lcom/badlogic/gdx/graphics/g2d/TextureRegion;FFFFFFFFF)V @ 54
Event: 6.491 Thread 0x000000005cf4b800 Uncommon trap: reason=unloaded action=reinterpret pc=0x0000000002d32768 method=com.bbg.client.GameScreen.receiveData(Ljava/lang/Object;)V @ 230
Event: 7.726 Thread 0x0000000056521800 Uncommon trap: reason=unstable_if action=reinterpret pc=0x0000000002d6c584 method=com.bbg.client.GameScreen.drawRegion(Lcom/badlogic/gdx/graphics/g2d/TextureRegion;FFZFF)V @ 60
Event: 7.728 Thread 0x0000000056521800 Uncommon trap: reason=unstable_if action=reinterpret pc=0x0000000002d6d9c0 method=com.badlogic.gdx.graphics.g2d.SpriteBatch.draw(Lcom/badlogic/gdx/graphics/g2d/TextureRegion;FFFFFFFFF)V @ 175
Event: 7.775 Thread 0x000000005cf4b800 Uncommon trap: reason=unloaded action=reinterpret pc=0x0000000002d868f8 method=com.bbg.client.GameScreen.receiveData(Ljava/lang/Object;)V @ 3654
Event: 7.800 Thread 0x0000000056521800 Uncommon trap: reason=unstable_if action=reinterpret pc=0x00000000028af1cc method=com.bbg.client.GameScreen.render(F)V @ 6
Event: 8.052 Thread 0x000000005cf4b800 Uncommon trap: reason=unloaded action=reinterpret pc=0x0000000002d7cf88 method=com.bbg.client.GameScreen.receiveData(Ljava/lang/Object;)V @ 2407
Event: 8.151 Thread 0x0000000056521800 Uncommon trap: reason=unstable_if action=reinterpret pc=0x00000000028c95d8 method=com.bbg.client.GameScreen.render(F)V @ 6

Internal exceptions (10 events):
Event: 0.224 Thread 0x00000000021dd800 Exception <a 'java/security/PrivilegedActionException'> (0x00000000ec8d7d60) thrown at [C:\re\workspace\8-2-build-windows-amd64-cygwin\jdk8u111\7883\hotspot\src\share\vm\prims\jvm.cpp, line 1386]
Event: 0.381 Thread 0x00000000021dd800 Exception <a 'java/io/FileNotFoundException'> (0x00000000ecc0e4c0) thrown at [C:\re\workspace\8-2-build-windows-amd64-cygwin\jdk8u111\7883\hotspot\src\share\vm\prims\jni.cpp, line 709]
Event: 0.435 Thread 0x00000000021dd800 Exception <a 'java/lang/NoSuchFieldError': method resolution failed> (0x00000000eccdb1b8) thrown at [C:\re\workspace\8-2-build-windows-amd64-cygwin\jdk8u111\7883\hotspot\src\share\vm\prims\methodHandles.cpp, line 1146]
Event: 0.441 Thread 0x00000000021dd800 Exception <a 'java/lang/NoSuchFieldError': method resolution failed> (0x00000000ecce84d8) thrown at [C:\re\workspace\8-2-build-windows-amd64-cygwin\jdk8u111\7883\hotspot\src\share\vm\prims\methodHandles.cpp, line 1146]
Event: 0.717 Thread 0x00000000021dd800 Exception <a 'java/security/PrivilegedActionException'> (0x00000000ecfe5580) thrown at [C:\re\workspace\8-2-build-windows-amd64-cygwin\jdk8u111\7883\hotspot\src\share\vm\prims\jvm.cpp, line 1386]
Event: 0.718 Thread 0x00000000021dd800 Exception <a 'java/security/PrivilegedActionException'> (0x00000000ecfe6fc8) thrown at [C:\re\workspace\8-2-build-windows-amd64-cygwin\jdk8u111\7883\hotspot\src\share\vm\prims\jvm.cpp, line 1386]
Event: 0.718 Thread 0x00000000021dd800 Exception <a 'java/security/PrivilegedActionException'> (0x00000000ecfe80e8) thrown at [C:\re\workspace\8-2-build-windows-amd64-cygwin\jdk8u111\7883\hotspot\src\share\vm\prims\jvm.cpp, line 1386]
Event: 0.718 Thread 0x00000000021dd800 Exception <a 'java/security/PrivilegedActionException'> (0x00000000ecfe9008) thrown at [C:\re\workspace\8-2-build-windows-amd64-cygwin\jdk8u111\7883\hotspot\src\share\vm\prims\jvm.cpp, line 1386]
Event: 0.718 Thread 0x00000000021dd800 Exception <a 'java/security/PrivilegedActionException'> (0x00000000ecfe9c60) thrown at [C:\re\workspace\8-2-build-windows-amd64-cygwin\jdk8u111\7883\hotspot\src\share\vm\prims\jvm.cpp, line 1386]
Event: 0.718 Thread 0x00000000021dd800 Exception <a 'java/security/PrivilegedActionException'> (0x00000000ecfea888) thrown at [C:\re\workspace\8-2-build-windows-amd64-cygwin\jdk8u111\7883\hotspot\src\share\vm\prims\jvm.cpp, line 1386]

Events (10 events):
Event: 8.658 Executing VM operation: ParallelGCSystemGC
Event: 8.691 Executing VM operation: ParallelGCSystemGC done
Event: 8.811 Executing VM operation: ParallelGCSystemGC
Event: 8.833 Executing VM operation: ParallelGCSystemGC done
Event: 8.859 Executing VM operation: ParallelGCSystemGC
Event: 8.879 Executing VM operation: ParallelGCSystemGC done
Event: 8.879 Thread 0x000000005d0c8000 DEOPT PACKING pc=0x0000000002b55db9 sp=0x000000005ea2ec80
Event: 8.880 Thread 0x000000005d0c8000 DEOPT UNPACKING pc=0x00000000027e747f sp=0x000000005ea2ec98 mode 0
Event: 8.898 Executing VM operation: ParallelGCSystemGC
Event: 8.937 Executing VM operation: ParallelGCSystemGC done


Dynamic libraries:
0x000000013f5e0000 - 0x000000013f617000 	C:\Program Files\Java\jre1.8.0_111\bin\javaw.exe
0x0000000076d20000 - 0x0000000076eca000 	C:\Windows\SYSTEM32\ntdll.dll
0x0000000076c00000 - 0x0000000076d1f000 	C:\Windows\system32\kernel32.dll
0x000007fefccc0000 - 0x000007fefcd2a000 	C:\Windows\system32\KERNELBASE.dll
0x000007fefcff0000 - 0x000007fefd0cb000 	C:\Windows\system32\ADVAPI32.dll
0x000007fefd770000 - 0x000007fefd80f000 	C:\Windows\system32\msvcrt.dll
0x000007feff010000 - 0x000007feff02f000 	C:\Windows\SYSTEM32\sechost.dll
0x000007fefd320000 - 0x000007fefd44d000 	C:\Windows\system32\RPCRT4.dll
0x0000000076b00000 - 0x0000000076bfa000 	C:\Windows\system32\USER32.dll
0x000007fefd260000 - 0x000007fefd2c7000 	C:\Windows\system32\GDI32.dll
0x000007fefd210000 - 0x000007fefd21e000 	C:\Windows\system32\LPK.dll
0x000007fefdc20000 - 0x000007fefdcea000 	C:\Windows\system32\USP10.dll
0x000007fefb0e0000 - 0x000007fefb2d4000 	C:\Windows\WinSxS\amd64_microsoft.windows.common-controls_6595b64144ccf1df_6.0.7601.18837_none_fa3b1e3d17594757\COMCTL32.dll
0x000007fefce90000 - 0x000007fefcf01000 	C:\Windows\system32\SHLWAPI.dll
0x000007fefd220000 - 0x000007fefd24e000 	C:\Windows\system32\IMM32.DLL
0x000007fefd450000 - 0x000007fefd559000 	C:\Windows\system32\MSCTF.dll
0x0000000070830000 - 0x0000000070902000 	C:\Program Files\Java\jre1.8.0_111\bin\msvcr100.dll
0x000000006a930000 - 0x000000006b1ca000 	C:\Program Files\Java\jre1.8.0_111\bin\server\jvm.dll
0x000007fef8690000 - 0x000007fef8699000 	C:\Windows\system32\WSOCK32.dll
0x000007fefd2d0000 - 0x000007fefd31d000 	C:\Windows\system32\WS2_32.dll
0x000007fefd250000 - 0x000007fefd258000 	C:\Windows\system32\NSI.dll
0x000007fef89c0000 - 0x000007fef89fb000 	C:\Windows\system32\WINMM.dll
0x000007fefbbc0000 - 0x000007fefbbcc000 	C:\Windows\system32\VERSION.dll
0x0000000076ef0000 - 0x0000000076ef7000 	C:\Windows\system32\PSAPI.DLL
0x000000006c0d0000 - 0x000000006c0df000 	C:\Program Files\Java\jre1.8.0_111\bin\verify.dll
0x000000006c0a0000 - 0x000000006c0c9000 	C:\Program Files\Java\jre1.8.0_111\bin\java.dll
0x000000006c080000 - 0x000000006c096000 	C:\Program Files\Java\jre1.8.0_111\bin\zip.dll
0x000007fefdfb0000 - 0x000007fefed39000 	C:\Windows\system32\SHELL32.dll
0x000007fefd560000 - 0x000007fefd763000 	C:\Windows\system32\ole32.dll
0x000007fefcae0000 - 0x000007fefcaef000 	C:\Windows\system32\profapi.dll
0x00000000701b0000 - 0x0000000070348000 	C:\Program Files\Java\jre1.8.0_111\bin\awt.dll
0x000007fefcf10000 - 0x000007fefcfea000 	C:\Windows\system32\OLEAUT32.dll
0x0000000065580000 - 0x0000000065616000 	C:\Users\bear\AppData\Local\Temp\libgdxbear\d80609fe\gdx64.dll
0x000007fefc2d0000 - 0x000007fefc2e8000 	C:\Windows\system32\CRYPTSP.dll
0x000007fefbfd0000 - 0x000007fefc017000 	C:\Windows\system32\rsaenh.dll
0x000007fefcde0000 - 0x000007fefcdfe000 	C:\Windows\system32\USERENV.dll
0x000007fefc910000 - 0x000007fefc91f000 	C:\Windows\system32\CRYPTBASE.dll
0x000000006c060000 - 0x000000006c07a000 	C:\Program Files\Java\jre1.8.0_111\bin\net.dll
0x000007fefc270000 - 0x000007fefc2c5000 	C:\Windows\system32\mswsock.dll
0x000007fefc260000 - 0x000007fefc267000 	C:\Windows\System32\wship6.dll
0x000007fefa550000 - 0x000007fefa577000 	C:\Windows\system32\IPHLPAPI.DLL
0x000007fefa540000 - 0x000007fefa54b000 	C:\Windows\system32\WINNSI.DLL
0x000007fefa3d0000 - 0x000007fefa3e1000 	C:\Windows\system32\dhcpcsvc6.DLL
0x000007fefa3b0000 - 0x000007fefa3c8000 	C:\Windows\system32\dhcpcsvc.DLL
0x000000006c040000 - 0x000000006c051000 	C:\Program Files\Java\jre1.8.0_111\bin\nio.dll
0x0000000180000000 - 0x0000000180053000 	C:\Users\bear\AppData\Local\Temp\libgdxbear\dc0f0009\lwjgl64.dll
0x000007fef3370000 - 0x000007fef348d000 	C:\Windows\system32\OPENGL32.dll
0x000007fef8110000 - 0x000007fef813d000 	C:\Windows\system32\GLU32.dll
0x000007fef34b0000 - 0x000007fef35a1000 	C:\Windows\system32\DDRAW.dll
0x000007fef8180000 - 0x000007fef8188000 	C:\Windows\system32\DCIMAN32.dll
0x000007fefda40000 - 0x000007fefdc17000 	C:\Windows\system32\SETUPAPI.dll
0x000007fefcaf0000 - 0x000007fefcb26000 	C:\Windows\system32\CFGMGR32.dll
0x000007fefce00000 - 0x000007fefce1a000 	C:\Windows\system32\DEVOBJ.dll
0x000007fefb490000 - 0x000007fefb4a8000 	C:\Windows\system32\dwmapi.dll
0x0000000011d40000 - 0x0000000011da4000 	C:\Users\bear\AppData\Local\Temp\libgdxbear\dc0f0009\OpenAL64.dll
0x000007fefd810000 - 0x000007fefd8a9000 	C:\Windows\system32\CLBCatQ.DLL
0x000007fefb660000 - 0x000007fefb78c000 	C:\Windows\System32\PROPSYS.dll
0x000007fefce30000 - 0x000007fefce6b000 	C:\Windows\system32\WINTRUST.dll
0x000007fefcb50000 - 0x000007fefccbd000 	C:\Windows\system32\CRYPT32.dll
0x000007fefcad0000 - 0x000007fefcadf000 	C:\Windows\system32\MSASN1.dll
0x000007fef3a80000 - 0x000007fef3b08000 	C:\Windows\system32\dsound.dll
0x000007fefb940000 - 0x000007fefb96c000 	C:\Windows\system32\POWRPROF.dll
0x000007fefb8d0000 - 0x000007fefb91b000 	C:\Windows\System32\MMDevApi.dll
0x000007fefa5f0000 - 0x000007fefa63f000 	C:\Windows\system32\AUDIOSES.DLL
0x0000000058030000 - 0x000000005921d000 	C:\Windows\system32\ig4icd64.dll
0x000007fef4070000 - 0x000007fef410c000 	C:\Windows\system32\mscms.dll
0x000007fef55c0000 - 0x000007fef5602000 	C:\Windows\system32\icm32.dll
0x0000000066bc0000 - 0x0000000066c7b000 	C:\Users\bear\AppData\Local\Temp\libgdxbear\b6038e5c\gdx-box2d64.dll
0x000007fef6380000 - 0x000007fef64a5000 	C:\Windows\system32\dbghelp.dll

VM Arguments:
jvm_args: -Dfile.encoding=Cp1252 
java_command: com.bbg.client.DesktopLauncher
java_class_path (initial): C:\Users\bear\Documents\Sync\SpacedOut\bin;C:\Users\bear\Documents\Sync\SpacedOut\lib\commons-codec-1.10.jar;C:\Users\bear\Documents\Sync\SpacedOut\lib\gdx-backend-lwjgl-natives.jar;C:\Users\bear\Documents\Sync\SpacedOut\lib\gdx-backend-lwjgl.jar;C:\Users\bear\Documents\Sync\SpacedOut\lib\gdx-box2d-1.9.4.jar;C:\Users\bear\Documents\Sync\SpacedOut\lib\gdx-box2d-platform-1.9.4-natives-desktop.jar;C:\Users\bear\Documents\Sync\SpacedOut\lib\kryonet-2.21-all.jar;C:\Users\bear\Documents\Sync\SpacedOut\lib\xstream-1.4.9.jar;C:\Users\bear\Documents\Sync\SpacedOut\lib\gdx-natives.jar;C:\Users\bear\Documents\Sync\SpacedOut\lib\gdx.jar
Launcher Type: SUN_STANDARD

Environment Variables:
PATH=C:/Program Files/Java/jre1.8.0_111/bin/server;C:/Program Files/Java/jre1.8.0_111/bin;C:/Program Files/Java/jre1.8.0_111/lib/amd64;C:\ProgramData\Oracle\Java\javapath;C:\Windows\system32;C:\Windows;C:\Windows\System32\Wbem;C:\Windows\System32\WindowsPowerShell\v1.0\;C:\Users\bear\Downloads\PandaCloudCleaner;
USERNAME=bear
OS=Windows_NT
PROCESSOR_IDENTIFIER=Intel64 Family 6 Model 37 Stepping 5, GenuineIntel



---------------  S Y S T E M  ---------------

OS: Windows 7 , 64 bit Build 7601 (6.1.7601.23572)

CPU:total 2 (2 cores per cpu, 1 threads per core) family 6 model 37 stepping 5, cmov, cx8, fxsr, mmx, sse, sse2, sse3, ssse3, popcnt, tsc, tscinvbit

Memory: 4k page, physical 3857104k(1087332k free), swap 8019548k(3838768k free)

vm_info: Java HotSpot(TM) 64-Bit Server VM (25.111-b14) for windows-amd64 JRE (1.8.0_111-b14), built on Sep 22 2016 19:24:05 by "java_re" with MS VC++ 10.0 (VS2010)

time: Mon Jan 30 21:22:25 2017
elapsed time: 8 seconds (0d 0h 0m 8s)

